mode: set
ecommerce/features/product/services/service.go:18.57,22.2 1 1
ecommerce/features/product/services/service.go:25.142,28.26 2 0
ecommerce/features/product/services/service.go:45.2,46.16 2 0
ecommerce/features/product/services/service.go:50.2,50.17 1 0
ecommerce/features/product/services/service.go:28.26,29.31 1 0
ecommerce/features/product/services/service.go:32.3,35.17 4 0
ecommerce/features/product/services/service.go:38.3,40.17 3 0
ecommerce/features/product/services/service.go:43.3,43.38 1 0
ecommerce/features/product/services/service.go:29.31,31.4 1 0
ecommerce/features/product/services/service.go:35.17,37.4 1 0
ecommerce/features/product/services/service.go:40.17,42.4 1 0
ecommerce/features/product/services/service.go:46.16,49.3 2 0
ecommerce/features/product/services/service.go:54.69,56.16 2 1
ecommerce/features/product/services/service.go:60.2,60.17 1 1
ecommerce/features/product/services/service.go:56.16,59.3 2 1
ecommerce/features/product/services/service.go:64.80,67.16 3 1
ecommerce/features/product/services/service.go:74.2,74.12 1 1
ecommerce/features/product/services/service.go:67.16,69.46 2 1
ecommerce/features/product/services/service.go:72.3,72.36 1 1
ecommerce/features/product/services/service.go:69.46,71.4 1 0
ecommerce/features/product/services/service.go:78.162,80.26 2 0
ecommerce/features/product/services/service.go:97.2,98.16 2 0
ecommerce/features/product/services/service.go:102.2,102.17 1 0
ecommerce/features/product/services/service.go:80.26,81.31 1 0
ecommerce/features/product/services/service.go:84.3,87.17 4 0
ecommerce/features/product/services/service.go:90.3,92.17 3 0
ecommerce/features/product/services/service.go:95.3,95.41 1 0
ecommerce/features/product/services/service.go:81.31,83.4 1 0
ecommerce/features/product/services/service.go:87.17,89.4 1 0
ecommerce/features/product/services/service.go:92.17,94.4 1 0
ecommerce/features/product/services/service.go:98.16,101.3 2 0
ecommerce/features/product/services/service.go:106.84,108.16 2 1
ecommerce/features/product/services/service.go:112.2,112.17 1 1
ecommerce/features/product/services/service.go:108.16,111.3 2 1
ecommerce/features/user/services/service.go:20.45,24.2 1 1
ecommerce/features/user/services/service.go:25.72,29.16 4 1
ecommerce/features/user/services/service.go:41.2,41.17 1 1
ecommerce/features/user/services/service.go:29.16,31.50 2 1
ecommerce/features/user/services/service.go:38.3,38.38 1 1
ecommerce/features/user/services/service.go:31.50,33.4 1 1
ecommerce/features/user/services/service.go:33.9,33.52 1 1
ecommerce/features/user/services/service.go:33.52,35.4 1 1
ecommerce/features/user/services/service.go:35.9,37.4 1 1
ecommerce/features/user/services/service.go:44.82,46.16 2 1
ecommerce/features/user/services/service.go:56.2,56.71 1 1
ecommerce/features/user/services/service.go:61.2,67.27 6 1
ecommerce/features/user/services/service.go:46.16,48.45 2 1
ecommerce/features/user/services/service.go:53.3,53.42 1 1
ecommerce/features/user/services/service.go:48.45,50.4 1 1
ecommerce/features/user/services/service.go:50.9,52.4 1 1
ecommerce/features/user/services/service.go:56.71,59.3 2 1
ecommerce/features/user/services/service.go:71.73,75.16 3 1
ecommerce/features/user/services/service.go:79.2,79.17 1 1
ecommerce/features/user/services/service.go:75.16,78.3 2 1
ecommerce/features/user/services/service.go:82.123,84.24 2 1
ecommerce/features/user/services/service.go:102.2,103.16 2 1
ecommerce/features/user/services/service.go:113.2,113.17 1 1
ecommerce/features/user/services/service.go:84.24,85.29 1 0
ecommerce/features/user/services/service.go:88.3,91.17 4 0
ecommerce/features/user/services/service.go:94.3,96.17 3 0
ecommerce/features/user/services/service.go:99.3,99.35 1 0
ecommerce/features/user/services/service.go:85.29,87.4 1 0
ecommerce/features/user/services/service.go:91.17,93.4 1 0
ecommerce/features/user/services/service.go:96.17,98.4 1 0
ecommerce/features/user/services/service.go:103.16,105.49 2 1
ecommerce/features/user/services/service.go:110.3,110.38 1 1
ecommerce/features/user/services/service.go:105.49,107.4 1 0
ecommerce/features/user/services/service.go:107.9,109.4 1 1
ecommerce/features/user/services/service.go:116.57,119.16 3 1
ecommerce/features/user/services/service.go:129.2,129.12 1 1
ecommerce/features/user/services/service.go:119.16,121.49 2 1
ecommerce/features/user/services/service.go:126.3,126.25 1 1
ecommerce/features/user/services/service.go:121.49,123.4 1 1
ecommerce/features/user/services/service.go:123.9,125.4 1 1
