mode: set
ecommerce/features/cart/services/service.go:14.45,18.2 1 1
ecommerce/features/cart/services/service.go:21.114,24.16 3 1
ecommerce/features/cart/services/service.go:28.2,28.17 1 1
ecommerce/features/cart/services/service.go:24.16,27.3 2 1
ecommerce/features/cart/services/service.go:32.78,35.16 3 1
ecommerce/features/cart/services/service.go:39.2,39.17 1 1
ecommerce/features/cart/services/service.go:35.16,38.3 2 1
ecommerce/features/cart/services/service.go:43.74,47.16 3 1
ecommerce/features/cart/services/service.go:51.2,51.12 1 1
ecommerce/features/cart/services/service.go:47.16,50.3 2 1
ecommerce/features/cart/services/service.go:55.104,58.16 3 1
ecommerce/features/cart/services/service.go:62.2,62.17 1 1
ecommerce/features/cart/services/service.go:58.16,61.3 2 1
